Mem2Seq(
  (encoder): EncoderMemNN(
    (C_0): Embedder(30004, 800, padding_idx=0)
    (C_1): Embedder(30004, 800, padding_idx=0)
    (C_2): Embedder(30004, 800, padding_idx=0)
    (C_3): Embedder(30004, 800, padding_idx=0)
    (A_0): Attention(800, 800, mode='general')
    (A_1): Attention(800, 800, mode='general')
    (A_2): Attention(800, 800, mode='general')
    (softmax): Softmax()
  )
  (decoder): DecoderMemNN(
    (C_0): Embedder(30004, 800, padding_idx=0)
    (C_1): Embedder(30004, 800, padding_idx=0)
    (C_2): Embedder(30004, 800, padding_idx=0)
    (C_3): Embedder(30004, 800, padding_idx=0)
    (softmax): Softmax()
    (W): Linear(in_features=800, out_features=1, bias=True)
    (W1): Linear(in_features=1600, out_features=30004, bias=True)
    (gru): GRU(800, 800, batch_first=True)
  )
  (criterion): MSELoss()
)
Training starts ...
Mem2Seq(
  (encoder): EncoderMemNN(
    (C_0): Embedder(30004, 800, padding_idx=0)
    (C_1): Embedder(30004, 800, padding_idx=0)
    (C_2): Embedder(30004, 800, padding_idx=0)
    (C_3): Embedder(30004, 800, padding_idx=0)
    (A_0): Attention(800, 800, mode='general')
    (A_1): Attention(800, 800, mode='general')
    (A_2): Attention(800, 800, mode='general')
    (softmax): Softmax()
  )
  (decoder): DecoderMemNN(
    (C_0): Embedder(30004, 800, padding_idx=0)
    (C_1): Embedder(30004, 800, padding_idx=0)
    (C_2): Embedder(30004, 800, padding_idx=0)
    (C_3): Embedder(30004, 800, padding_idx=0)
    (softmax): Softmax()
    (W): Linear(in_features=800, out_features=1, bias=True)
    (W1): Linear(in_features=1600, out_features=30004, bias=True)
    (gru): GRU(800, 800, batch_first=True)
  )
  (criterion): MSELoss()
)
Training starts ...
Mem2Seq(
  (rnn_encoder): RNNEncoder(
    (embedder): Embedder(30004, 300, padding_idx=0)
    (rnn): GRU(300, 400, batch_first=True, bidirectional=True)
  )
  (encoder): EncoderMemNN(
    (C_0): Embedder(30004, 800, padding_idx=0)
    (C_1): Embedder(30004, 800, padding_idx=0)
    (C_2): Embedder(30004, 800, padding_idx=0)
    (C_3): Embedder(30004, 800, padding_idx=0)
    (A_0): Attention(800, 800, mode='general')
    (A_1): Attention(800, 800, mode='general')
    (A_2): Attention(800, 800, mode='general')
    (softmax): Softmax()
  )
  (decoder): DecoderMemNN(
    (C_0): Embedder(30004, 800, padding_idx=0)
    (C_1): Embedder(30004, 800, padding_idx=0)
    (C_2): Embedder(30004, 800, padding_idx=0)
    (C_3): Embedder(30004, 800, padding_idx=0)
    (softmax): Softmax()
    (W): Linear(in_features=800, out_features=1, bias=True)
    (W1): Linear(in_features=1600, out_features=30004, bias=True)
    (gru): GRU(800, 800, batch_first=True)
  )
  (criterion): MSELoss()
)
Training starts ...
Mem2Seq(
  (rnn_encoder): RNNEncoder(
    (embedder): Embedder(30004, 300, padding_idx=0)
    (rnn): GRU(300, 400, batch_first=True, bidirectional=True)
  )
  (mem_encoder): EncoderMemNN(
    (C_0): Embedder(30004, 800, padding_idx=0)
    (C_1): Embedder(30004, 800, padding_idx=0)
    (C_2): Embedder(30004, 800, padding_idx=0)
    (C_3): Embedder(30004, 800, padding_idx=0)
    (A_0): Attention(800, 800, mode='general')
    (A_1): Attention(800, 800, mode='general')
    (A_2): Attention(800, 800, mode='general')
    (softmax): Softmax()
  )
  (decoder): DecoderMemNN(
    (C_0): Embedder(30004, 800, padding_idx=0)
    (C_1): Embedder(30004, 800, padding_idx=0)
    (C_2): Embedder(30004, 800, padding_idx=0)
    (C_3): Embedder(30004, 800, padding_idx=0)
    (softmax): Softmax()
    (W): Linear(in_features=800, out_features=1, bias=True)
    (W1): Linear(in_features=1600, out_features=30004, bias=True)
    (gru): GRU(800, 800, batch_first=True)
  )
  (criterion): MSELoss()
)
Training starts ...
Mem2Seq(
  (rnn_encoder): RNNEncoder(
    (embedder): Embedder(30004, 300, padding_idx=0)
    (rnn): GRU(300, 400, batch_first=True, bidirectional=True)
  )
  (mem_encoder): EncoderMemNN(
    (C_0): Embedder(30004, 800, padding_idx=0)
    (C_1): Embedder(30004, 800, padding_idx=0)
    (C_2): Embedder(30004, 800, padding_idx=0)
    (C_3): Embedder(30004, 800, padding_idx=0)
    (A_0): Attention(800, 800, mode='general')
    (A_1): Attention(800, 800, mode='general')
    (A_2): Attention(800, 800, mode='general')
    (softmax): Softmax()
  )
  (decoder): DecoderMemNN(
    (C_0): Embedder(30004, 800, padding_idx=0)
    (C_1): Embedder(30004, 800, padding_idx=0)
    (C_2): Embedder(30004, 800, padding_idx=0)
    (C_3): Embedder(30004, 800, padding_idx=0)
    (softmax): Softmax()
    (W): Linear(in_features=800, out_features=1, bias=True)
    (W1): Linear(in_features=1600, out_features=30004, bias=True)
    (gru): GRU(800, 800, batch_first=True)
  )
  (criterion): MSELoss()
)
Training starts ...
Mem2Seq(
  (rnn_encoder): RNNEncoder(
    (embedder): Embedder(30004, 300, padding_idx=0)
    (rnn): GRU(300, 400, batch_first=True, bidirectional=True)
  )
  (mem_encoder): EncoderMemNN(
    (C_0): Embedder(30004, 800, padding_idx=0)
    (C_1): Embedder(30004, 800, padding_idx=0)
    (C_2): Embedder(30004, 800, padding_idx=0)
    (C_3): Embedder(30004, 800, padding_idx=0)
    (A_0): Attention(800, 800, mode='general')
    (A_1): Attention(800, 800, mode='general')
    (A_2): Attention(800, 800, mode='general')
    (softmax): Softmax()
  )
  (decoder): DecoderMemNN(
    (C_0): Embedder(30004, 800, padding_idx=0)
    (C_1): Embedder(30004, 800, padding_idx=0)
    (C_2): Embedder(30004, 800, padding_idx=0)
    (C_3): Embedder(30004, 800, padding_idx=0)
    (softmax): Softmax()
    (W): Linear(in_features=800, out_features=1, bias=True)
    (W1): Linear(in_features=1600, out_features=30004, bias=True)
    (gru): GRU(800, 800, batch_first=True)
  )
  (criterion): MSELoss()
)
Training starts ...
Mem2Seq(
  (rnn_encoder): RNNEncoder(
    (embedder): Embedder(30004, 300, padding_idx=0)
    (rnn): GRU(300, 400, batch_first=True, bidirectional=True)
  )
  (mem_encoder): EncoderMemNN(
    (C_0): Embedder(30004, 800, padding_idx=0)
    (C_1): Embedder(30004, 800, padding_idx=0)
    (C_2): Embedder(30004, 800, padding_idx=0)
    (C_3): Embedder(30004, 800, padding_idx=0)
    (A_0): Attention(800, 800, mode='general')
    (A_1): Attention(800, 800, mode='general')
    (A_2): Attention(800, 800, mode='general')
    (softmax): Softmax()
  )
  (decoder): DecoderMemNN(
    (C_0): Embedder(30004, 800, padding_idx=0)
    (C_1): Embedder(30004, 800, padding_idx=0)
    (C_2): Embedder(30004, 800, padding_idx=0)
    (C_3): Embedder(30004, 800, padding_idx=0)
    (softmax): Softmax()
    (W): Linear(in_features=800, out_features=1, bias=True)
    (W1): Linear(in_features=1600, out_features=30004, bias=True)
    (gru): GRU(800, 800, batch_first=True)
  )
  (criterion): MSELoss()
)
Training starts ...
